[0.163s] Invoking command in '/home/lucy/moveit_tutorial/src/moveit2_tutorials/build/moveit2_tutorials': CMAKE_PREFIX_PATH=/opt/ros/humble /usr/bin/cmake /home/lucy/moveit_tutorial/src/moveit2_tutorials -DCMAKE_INSTALL_PREFIX=/home/lucy/moveit_tutorial/src/moveit2_tutorials/install/moveit2_tutorials
[0.930s] -- The C compiler identification is GNU 11.3.0
[1.375s] -- The CXX compiler identification is GNU 11.3.0
[1.654s] -- Detecting C compiler ABI info
[1.814s] -- Detecting C compiler ABI info - done
[1.829s] -- Check for working C compiler: /usr/bin/cc - skipped
[1.830s] -- Detecting C compile features
[1.853s] -- Detecting C compile features - done
[1.868s] -- Detecting CXX compiler ABI info
[2.183s] -- Detecting CXX compiler ABI info - done
[2.186s] -- Check for working CXX compiler: /usr/bin/c++ - skipped
[2.186s] -- Detecting CXX compile features
[2.187s] -- Detecting CXX compile features - done
[2.242s] -- Found moveit_common: 2.5.4 (/opt/ros/humble/share/moveit_common/cmake)
[2.276s] -- Found ament_cmake: 1.3.3 (/opt/ros/humble/share/ament_cmake/cmake)
[2.483s] -- Found Python3: /usr/bin/python3.10 (found version "3.10.6") found components: Interpreter 
[2.818s] -- Found libdw: /usr/lib/x86_64-linux-gnu/libdw.so  
[2.839s] -- Could NOT find libbfd (missing: LIBBFD_LIBRARY LIBBFD_INCLUDE_DIR) 
[2.839s] -- BACKWARD_HAS_UNWIND=1
[2.839s] -- BACKWARD_HAS_BACKTRACE=0
[2.839s] -- BACKWARD_HAS_BACKTRACE_SYMBOL=0
[2.839s] -- BACKWARD_HAS_DW=1
[2.839s] -- BACKWARD_HAS_BFD=0
[2.840s] -- Found Backward: /opt/ros/humble/share/backward_ros/cmake  
[2.840s] [0mmoveit2_tutorials: You did not request a specific build type: Choosing 'Release' for maximum performance[0m
[3.581s] -- Found Boost: /usr/lib/x86_64-linux-gnu/cmake/Boost-1.74.0/BoostConfig.cmake (found version "1.74.0") found components: system filesystem date_time thread 
[3.620s] -- Found control_msgs: 4.1.0 (/opt/ros/humble/share/control_msgs/cmake)
[3.830s] -- Found rosidl_generator_c: 3.1.4 (/opt/ros/humble/share/rosidl_generator_c/cmake)
[3.840s] -- Found rosidl_adapter: 3.1.4 (/opt/ros/humble/share/rosidl_adapter/cmake)
[3.862s] -- Found rosidl_generator_cpp: 3.1.4 (/opt/ros/humble/share/rosidl_generator_cpp/cmake)
[3.913s] -- Using all available rosidl_typesupport_c: rosidl_typesupport_fastrtps_c;rosidl_typesupport_introspection_c
[3.929s] -- Using all available rosidl_typesupport_cpp: rosidl_typesupport_fastrtps_cpp;rosidl_typesupport_introspection_cpp
[4.348s] -- Found moveit_core: 2.5.4 (/opt/ros/humble/share/moveit_core/cmake)
[4.422s] -- Found Boost: /usr/lib/x86_64-linux-gnu/cmake/Boost-1.74.0/BoostConfig.cmake (found version "1.74.0") found components: chrono date_time filesystem iostreams program_options regex serialization system thread 
[4.488s] -- Found Boost: /usr/lib/x86_64-linux-gnu/cmake/Boost-1.74.0/BoostConfig.cmake (found version "1.74.0") found components: filesystem 
[4.719s] -- Found rmw_implementation_cmake: 6.1.1 (/opt/ros/humble/share/rmw_implementation_cmake/cmake)
[4.755s] -- Found rmw_fastrtps_cpp: 6.2.2 (/opt/ros/humble/share/rmw_fastrtps_cpp/cmake)
[4.984s] -- Found OpenSSL: /usr/lib/x86_64-linux-gnu/libcrypto.so (found version "3.0.2")  
[5.027s] -- Found FastRTPS: /opt/ros/humble/include  
[5.050s] -- Using RMW implementation 'rmw_fastrtps_cpp' as default
[5.089s] -- Found Threads: TRUE  
[5.323s] -- library: /usr/lib/x86_64-linux-gnu/libcurl.so
[5.525s] -- Found Eigen3: TRUE (found version "3.4.0") 
[5.526s] -- Ensuring Eigen3 include directory is part of orocos-kdl CMake target
[6.316s] -- Configuring incomplete, errors occurred!
[6.316s] See also "/home/lucy/moveit_tutorial/src/moveit2_tutorials/build/moveit2_tutorials/CMakeFiles/CMakeOutput.log".
[6.316s] [31mCMake Error at CMakeLists.txt:14 (find_package):
[6.316s]   By not providing "Findmoveit_task_constructor_core.cmake" in
[6.316s]   CMAKE_MODULE_PATH this project has asked CMake to find a package
[6.316s]   configuration file provided by "moveit_task_constructor_core", but CMake
[6.316s]   did not find one.
[6.316s] 
[6.316s]   Could not find a package configuration file provided by
[6.316s]   "moveit_task_constructor_core" with any of the following names:
[6.316s] 
[6.316s]     moveit_task_constructor_coreConfig.cmake
[6.316s]     moveit_task_constructor_core-config.cmake
[6.316s] 
[6.316s]   Add the installation prefix of "moveit_task_constructor_core" to
[6.316s]   CMAKE_PREFIX_PATH or set "moveit_task_constructor_core_DIR" to a directory
[6.316s]   containing one of the above files.  If "moveit_task_constructor_core"
[6.316s]   provides a separate development package or SDK, be sure it has been
[6.316s]   installed.
[6.316s] 
[6.316s] [0m
[6.322s] Invoked command in '/home/lucy/moveit_tutorial/src/moveit2_tutorials/build/moveit2_tutorials' returned '1': CMAKE_PREFIX_PATH=/opt/ros/humble /usr/bin/cmake /home/lucy/moveit_tutorial/src/moveit2_tutorials -DCMAKE_INSTALL_PREFIX=/home/lucy/moveit_tutorial/src/moveit2_tutorials/install/moveit2_tutorials
