[5.574s] DEBUG:colcon:Command line arguments: ['/usr/bin/colcon', 'build', '--packages-select', 'moveit2_tutorials']
[5.574s] DEBUG:colcon:Parsed command line arguments: Namespace(log_base=None, log_level=None, verb_name='build', build_base='build', install_base='install', merge_install=False, symlink_install=False, test_result_base=None, continue_on_error=False, executor='parallel', parallel_workers=20, event_handlers=None, ignore_user_meta=False, metas=['./colcon.meta'], base_paths=['.'], packages_ignore=None, packages_ignore_regex=None, paths=None, packages_up_to=None, packages_up_to_regex=None, packages_above=None, packages_above_and_dependencies=None, packages_above_depth=None, packages_select_by_dep=None, packages_skip_by_dep=None, packages_skip_up_to=None, packages_select_build_failed=False, packages_skip_build_finished=False, packages_select_test_failures=False, packages_skip_test_passed=False, packages_select=['moveit2_tutorials'], packages_skip=None, packages_select_regex=None, packages_skip_regex=None, packages_start=None, packages_end=None, allow_overriding=[], cmake_args=None, cmake_target=None, cmake_target_skip_unavailable=False, cmake_clean_cache=False, cmake_clean_first=False, cmake_force_configure=False, ament_cmake_args=None, catkin_cmake_args=None, catkin_skip_building_tests=False, mixin_files=None, mixin=None, verb_parser=<colcon_mixin.mixin.mixin_argument.MixinArgumentDecorator object at 0x7f3890933b20>, verb_extension=<colcon_core.verb.build.BuildVerb object at 0x7f38912d52a0>, main=<bound method BuildVerb.main of <colcon_core.verb.build.BuildVerb object at 0x7f38912d52a0>>, mixin_verb=('build',))
[6.113s] Level 1:colcon.colcon_core.package_discovery:discover_packages(colcon_meta) check parameters
[6.114s] Level 1:colcon.colcon_core.package_discovery:discover_packages(recursive) check parameters
[6.114s] Level 1:colcon.colcon_core.package_discovery:discover_packages(ignore) check parameters
[6.114s] Level 1:colcon.colcon_core.package_discovery:discover_packages(path) check parameters
[6.114s] Level 1:colcon.colcon_core.package_discovery:discover_packages(colcon_meta) discover
[6.114s] Level 1:colcon.colcon_core.package_discovery:discover_packages(recursive) discover
[6.114s] INFO:colcon.colcon_core.package_discovery:Crawling recursively for packages in '/home/lucy/moveit_tutorial/src/moveit2_tutorials'
[6.114s] Level 1:colcon.colcon_core.package_identification:_identify(.) by extensions ['ignore', 'ignore_ament_install']
[6.115s] Level 1:colcon.colcon_core.package_identification:_identify(.) by extension 'ignore'
[6.115s] Level 1:colcon.colcon_core.package_identification:_identify(.) by extension 'ignore_ament_install'
[6.115s] Level 1:colcon.colcon_core.package_identification:_identify(.) by extensions ['colcon_pkg']
[6.115s] Level 1:colcon.colcon_core.package_identification:_identify(.) by extension 'colcon_pkg'
[6.115s] Level 1:colcon.colcon_core.package_identification:_identify(.) by extensions ['colcon_meta']
[6.115s] Level 1:colcon.colcon_core.package_identification:_identify(.) by extension 'colcon_meta'
[6.115s] Level 1:colcon.colcon_core.package_identification:_identify(.) by extensions ['ros']
[6.115s] Level 1:colcon.colcon_core.package_identification:_identify(.) by extension 'ros'
[6.169s] DEBUG:colcon.colcon_core.package_identification:Package '.' with type 'ros.ament_cmake' and name 'moveit2_tutorials'
[6.169s] Level 1:colcon.colcon_core.package_discovery:discover_packages(recursive) using defaults
[6.169s] Level 1:colcon.colcon_core.package_discovery:discover_packages(ignore) discover
[6.169s] Level 1:colcon.colcon_core.package_discovery:discover_packages(ignore) using defaults
[6.169s] Level 1:colcon.colcon_core.package_discovery:discover_packages(path) discover
[6.169s] Level 1:colcon.colcon_core.package_discovery:discover_packages(path) using defaults
[6.360s] Level 1:colcon.colcon_core.package_discovery:discover_packages(prefix_path) check parameters
[6.360s] Level 1:colcon.colcon_core.package_discovery:discover_packages(prefix_path) discover
[6.368s] DEBUG:colcon.colcon_installed_package_information.package_discovery:Found 348 installed packages in /opt/ros/humble
[6.370s] Level 1:colcon.colcon_core.package_discovery:discover_packages(prefix_path) using defaults
[6.407s] Level 5:colcon.colcon_core.verb:set package 'moveit2_tutorials' build argument 'cmake_args' from command line to 'None'
[6.407s] Level 5:colcon.colcon_core.verb:set package 'moveit2_tutorials' build argument 'cmake_target' from command line to 'None'
[6.407s] Level 5:colcon.colcon_core.verb:set package 'moveit2_tutorials' build argument 'cmake_target_skip_unavailable' from command line to 'False'
[6.407s] Level 5:colcon.colcon_core.verb:set package 'moveit2_tutorials' build argument 'cmake_clean_cache' from command line to 'False'
[6.407s] Level 5:colcon.colcon_core.verb:set package 'moveit2_tutorials' build argument 'cmake_clean_first' from command line to 'False'
[6.407s] Level 5:colcon.colcon_core.verb:set package 'moveit2_tutorials' build argument 'cmake_force_configure' from command line to 'False'
[6.407s] Level 5:colcon.colcon_core.verb:set package 'moveit2_tutorials' build argument 'ament_cmake_args' from command line to 'None'
[6.407s] Level 5:colcon.colcon_core.verb:set package 'moveit2_tutorials' build argument 'catkin_cmake_args' from command line to 'None'
[6.407s] Level 5:colcon.colcon_core.verb:set package 'moveit2_tutorials' build argument 'catkin_skip_building_tests' from command line to 'False'
[6.407s] DEBUG:colcon.colcon_core.verb:Building package 'moveit2_tutorials' with the following arguments: {'ament_cmake_args': None, 'build_base': '/home/lucy/moveit_tutorial/src/moveit2_tutorials/build/moveit2_tutorials', 'catkin_cmake_args': None, 'catkin_skip_building_tests': False, 'cmake_args': None, 'cmake_clean_cache': False, 'cmake_clean_first': False, 'cmake_force_configure': False, 'cmake_target': None, 'cmake_target_skip_unavailable': False, 'install_base': '/home/lucy/moveit_tutorial/src/moveit2_tutorials/install/moveit2_tutorials', 'merge_install': False, 'path': '/home/lucy/moveit_tutorial/src/moveit2_tutorials', 'symlink_install': False, 'test_result_base': None}
[6.408s] INFO:colcon.colcon_core.executor:Executing jobs using 'parallel' executor
[6.410s] DEBUG:colcon.colcon_parallel_executor.executor.parallel:run_until_complete
[6.410s] INFO:colcon.colcon_ros.task.ament_cmake.build:Building ROS package in '/home/lucy/moveit_tutorial/src/moveit2_tutorials' with build type 'ament_cmake'
[6.410s] INFO:colcon.colcon_cmake.task.cmake.build:Building CMake package in '/home/lucy/moveit_tutorial/src/moveit2_tutorials'
[6.558s] INFO:colcon.colcon_core.plugin_system:Skipping extension 'colcon_core.shell.bat': Not used on non-Windows systems
[6.558s] INFO:colcon.colcon_core.shell:Skip shell extension 'powershell' for command environment: Not usable outside of PowerShell
[6.558s] DEBUG:colcon.colcon_core.shell:Skip shell extension 'dsv' for command environment
[6.574s] DEBUG:colcon.colcon_core.event_handler.log_command:Invoking command in '/home/lucy/moveit_tutorial/src/moveit2_tutorials/build/moveit2_tutorials': CMAKE_PREFIX_PATH=/opt/ros/humble /usr/bin/cmake /home/lucy/moveit_tutorial/src/moveit2_tutorials -DCMAKE_INSTALL_PREFIX=/home/lucy/moveit_tutorial/src/moveit2_tutorials/install/moveit2_tutorials
[12.733s] DEBUG:colcon.colcon_core.event_handler.log_command:Invoked command in '/home/lucy/moveit_tutorial/src/moveit2_tutorials/build/moveit2_tutorials' returned '1': CMAKE_PREFIX_PATH=/opt/ros/humble /usr/bin/cmake /home/lucy/moveit_tutorial/src/moveit2_tutorials -DCMAKE_INSTALL_PREFIX=/home/lucy/moveit_tutorial/src/moveit2_tutorials/install/moveit2_tutorials
[12.739s] Level 1:colcon.colcon_core.environment:create_environment_scripts_only(moveit2_tutorials)
[12.824s] Level 1:colcon.colcon_core.environment:checking '/home/lucy/moveit_tutorial/src/moveit2_tutorials/install/moveit2_tutorials' for CMake module files
[12.825s] Level 1:colcon.colcon_core.environment:checking '/home/lucy/moveit_tutorial/src/moveit2_tutorials/install/moveit2_tutorials' for CMake config files
[12.825s] Level 1:colcon.colcon_core.environment:checking '/home/lucy/moveit_tutorial/src/moveit2_tutorials/install/moveit2_tutorials/bin'
[12.826s] Level 1:colcon.colcon_core.environment:checking '/home/lucy/moveit_tutorial/src/moveit2_tutorials/install/moveit2_tutorials/lib/pkgconfig/moveit2_tutorials.pc'
[12.826s] Level 1:colcon.colcon_core.environment:checking '/home/lucy/moveit_tutorial/src/moveit2_tutorials/install/moveit2_tutorials/lib/python3.10/site-packages'
[12.827s] Level 1:colcon.colcon_core.environment:checking '/home/lucy/moveit_tutorial/src/moveit2_tutorials/install/moveit2_tutorials/bin'
[12.830s] INFO:colcon.colcon_core.shell:Creating package script '/home/lucy/moveit_tutorial/src/moveit2_tutorials/install/moveit2_tutorials/share/moveit2_tutorials/package.ps1'
[12.846s] INFO:colcon.colcon_core.shell:Creating package descriptor '/home/lucy/moveit_tutorial/src/moveit2_tutorials/install/moveit2_tutorials/share/moveit2_tutorials/package.dsv'
[12.853s] INFO:colcon.colcon_core.shell:Creating package script '/home/lucy/moveit_tutorial/src/moveit2_tutorials/install/moveit2_tutorials/share/moveit2_tutorials/package.sh'
[12.855s] INFO:colcon.colcon_core.shell:Creating package script '/home/lucy/moveit_tutorial/src/moveit2_tutorials/install/moveit2_tutorials/share/moveit2_tutorials/package.bash'
[12.858s] INFO:colcon.colcon_core.shell:Creating package script '/home/lucy/moveit_tutorial/src/moveit2_tutorials/install/moveit2_tutorials/share/moveit2_tutorials/package.zsh'
[12.870s] Level 1:colcon.colcon_core.environment:create_file_with_runtime_dependencies(/home/lucy/moveit_tutorial/src/moveit2_tutorials/install/moveit2_tutorials/share/colcon-core/packages/moveit2_tutorials)
[12.881s] DEBUG:colcon.colcon_parallel_executor.executor.parallel:closing loop
[12.881s] DEBUG:colcon.colcon_parallel_executor.executor.parallel:loop closed
[12.881s] DEBUG:colcon.colcon_parallel_executor.executor.parallel:run_until_complete finished with '1'
[12.881s] DEBUG:colcon.colcon_core.event_reactor:joining thread
[12.904s] INFO:colcon.colcon_core.plugin_system:Skipping extension 'colcon_notification.desktop_notification.terminal_notifier': Not used on non-Darwin systems
[12.904s] INFO:colcon.colcon_core.plugin_system:Skipping extension 'colcon_notification.desktop_notification.win32': Not used on non-Windows systems
[12.904s] INFO:colcon.colcon_notification.desktop_notification:Sending desktop notification using 'notify2'
[12.918s] DEBUG:colcon.colcon_core.event_reactor:joined thread
[12.919s] INFO:colcon.colcon_core.shell:Creating prefix script '/home/lucy/moveit_tutorial/src/moveit2_tutorials/install/local_setup.ps1'
[12.929s] INFO:colcon.colcon_core.shell:Creating prefix util module '/home/lucy/moveit_tutorial/src/moveit2_tutorials/install/_local_setup_util_ps1.py'
[12.930s] INFO:colcon.colcon_core.shell:Creating prefix chain script '/home/lucy/moveit_tutorial/src/moveit2_tutorials/install/setup.ps1'
[12.930s] INFO:colcon.colcon_core.shell:Creating prefix script '/home/lucy/moveit_tutorial/src/moveit2_tutorials/install/local_setup.sh'
[12.931s] INFO:colcon.colcon_core.shell:Creating prefix util module '/home/lucy/moveit_tutorial/src/moveit2_tutorials/install/_local_setup_util_sh.py'
[12.931s] INFO:colcon.colcon_core.shell:Creating prefix chain script '/home/lucy/moveit_tutorial/src/moveit2_tutorials/install/setup.sh'
[12.932s] INFO:colcon.colcon_core.shell:Creating prefix script '/home/lucy/moveit_tutorial/src/moveit2_tutorials/install/local_setup.bash'
[12.932s] INFO:colcon.colcon_core.shell:Creating prefix chain script '/home/lucy/moveit_tutorial/src/moveit2_tutorials/install/setup.bash'
[12.933s] INFO:colcon.colcon_core.shell:Creating prefix script '/home/lucy/moveit_tutorial/src/moveit2_tutorials/install/local_setup.zsh'
[12.933s] INFO:colcon.colcon_core.shell:Creating prefix chain script '/home/lucy/moveit_tutorial/src/moveit2_tutorials/install/setup.zsh'
